svugo (32): 323301
  xolvnpy (22946): 64652
    dfbeg (77): 13902
      dnacpie (61): 1975
        ngadrj (143): 319
          qqckql (88): 88
          xrffbj (88): 88
        gedohd (263): 319
          ogilk (28): 28
          hjwyc (28): 28
        yuvmlq (229): 319
          cadkdj (45): 45
          syefk (45): 45
        klmedvh (319): 319
        aende (88): 319
          hsnkmd (77): 77
          qbvlzq (77): 77
          rpdrdxo (77): 77
        tkvcp (111): 319
          jpfbl (52): 52
          dmoexuj (52): 52
          vopoojk (52): 52
          blebnht (52): 52
      xgjyuie (211): 1975
        wlauod (252): 252
        rkotan (72): 252
          gumtctd (90): 90
          snqyc (90): 90
        lcltlz (90): 252
          dmobhqz (81): 81
          lelwu (81): 81
        yfkfk (90): 252
          xvtvomy (81): 81
          pkktbxs (81): 81
        vpuxpxj (165): 252
          bkuxrk (29): 29
          lqxevih (29): 29
          eixwwxn (29): 29
        remft (188): 252
          yevgrf (32): 32
          mzvna (32): 32
        spagr (200): 252
          fkzarsq (26): 26
          awweagx (26): 26
      ygnxu (160): 1975
        bpctu (39): 363
          kfbxhd (81): 81
          dcdgsj (81): 81
          kzwcue (81): 81
          tuxmvw (81): 81
        siykhg (287): 363
          kizgz (38): 38
          ratsida (38): 38
        aklxi (211): 363
          pvrocec (76): 76
          lstxl (76): 76
        brjpqy (168): 363
          zfusug (65): 65
          uagtgt (65): 65
          htzdq (65): 65
        tmxbh (363): 363
      gpsaq (1408): 1975
        amulani (85): 189
          kedwhhj (52): 52
          stjjr (52): 52
        kepgi (7): 189
          ndfkl (91): 91
          lsxavn (91): 91
        kyoopc (167): 189
          ntdeykb (11): 11
          uzcfn (11): 11
      vrlcw (823): 1975
        svibl (384): 384
        upxfo (204): 384
          akqoae (90): 90
          fgihxex (90): 90
        kzxpedk (72): 384
          udiibbj (78): 78
          izvxax (78): 78
          ymnqdi (78): 78
          ukvdvgo (78): 78
      xnzmf (1127): 1975
        arsrlmc (66): 212
          putprdw (73): 73
          pgfgtwj (73): 73
        fljico (212): 212
        imcujsr (92): 212
          bdovfqj (60): 60
          tnmziio (60): 60
        soutui (60): 212
          cunseqy (38): 38
          akunww (38): 38
          nhhqfzk (38): 38
          fteop (38): 38
      tongu (778): 1975
        ajkxrcl (71): 399
          ykbvkc (82): 82
          escjt (82): 82
          yolrl (82): 82
          kuoluj (82): 82
        hjsyte (207): 399
          urgfd (48): 48
          mfdpgv (48): 48
          uaourd (48): 48
          cmgfqkb (48): 48
        mhtgqj (333): 399
          jzyfyj (33): 33
          njbqsh (33): 33
    ajrrm (7311): 13902
      yemke (49): 2197
        hqdcn (205): 358
          wiwrw (51): 51
          jgnvooj (51): 51
          wtsgud (51): 51
        jltou (358): 358
        fnjdau (222): 358
          vsuyxah (68): 68
          rabaw (68): 68
        lwemj (6): 358
          rgkzdr (88): 88
          qqqxi (88): 88
          uypwb (88): 88
          radrzr (88): 88
        eathpcv (256): 358
          tugui (51): 51
          psdcdbm (51): 51
        xwslnr (210): 358
          rtlvfb (74): 74
          gcdbb (74): 74
      ugmfrt (307): 2197
        vwtpihe (270): 270
        sohtd (156): 270
          zspyg (57): 57
          ylzdc (57): 57
        yluell (270): 270
        zrltc (183): 270
          jdenl (29): 29
          anvukkl (29): 29
          wxikdvk (29): 29
        bmfcc (48): 270
          ixmsn (74): 74
          sdosxki (74): 74
          pmwsup (74): 74
        dresa (218): 270
          grcpk (26): 26
          uqork (26): 26
        httspr (212): 270
          czrbivk (29): 29
          hjgfxun (29): 29
      crnvz (1261): 2197
        etrye (68): 234
          bwujye (83): 83
          tcnrrg (83): 83
        zjpzq (94): 234
          bskomwv (35): 35
          ythizc (35): 35
          pucapcr (35): 35
          ubwfyx (35): 35
        uaajucq (174): 234
          khuqo (15): 15
          onnwjy (15): 15
          nmpojs (15): 15
          jzhtpli (15): 15
        hefczgn (50): 234
          phqiqi (92): 92
          atcrb (92): 92
    niuzt (5718): 13902
      zdtby (961): 2046
        dtfayu (217): 217
        qfuqfre (217): 217
        yaqfv (217): 217
        fuxnvo (33): 217
          ngpkzb (92): 92
          xkdkyxu (92): 92
        kiqjb (89): 217
          whiwt (64): 64
          bdkcdaq (64): 64
      imnmqmc (1056): 2046
        crghfz (37): 165
          pdqvd (64): 64
          xvmstn (64): 64
        rsygg (81): 165
          xtuocx (42): 42
          hdkyjhw (42): 42
        fpimfx (119): 165
          skgciiy (23): 23
          cqlnevp (23): 23
        icurk (153): 165
          ovlnitv (6): 6
          ivinyhh (6): 6
        infjgg (109): 165
          szyzmuw (28): 28
          zfzpy (28): 28
        drxkj (39): 165
          atjgje (63): 63
          lfbbsay (63): 63
      scurl (906): 2046
        oymgkey (354): 380
          blrgxsb (13): 13
          pfamjeh (13): 13
        otgvzj (194): 380
          sygrs (93): 93
          gxlrkmy (93): 93
        dojoi (80): 380
          jimcygz (75): 75
          mhmbmve (75): 75
          wormisx (75): 75
          ejqqxk (75): 75
      ovxnqnd (96): 2046
        lgsulw (254): 390
          kmmtdma (68): 68
          luemof (68): 68
        xwdlxg (178): 390
          qpfup (53): 53
          wnykty (53): 53
          vwlcnv (53): 53
          vjzph (53): 53
        vfkff (336): 390
          fzuomz (27): 27
          xbgyvu (27): 27
        rsidt (66): 390
          xvqpfd (81): 81
          kbcjy (81): 81
          exyceo (81): 81
          mbymo (81): 81
        vdcnit (214): 390
          zxiqpq (88): 88
          oflkits (88): 88
  gjxqx (14): 64661
    yruivis (2760): 10782
      oxipms (2533): 2671
        njfaf (69): 69
        okyya (69): 69
      ggpau (91): 2671
        mavpqd (367): 430
          ymetxqm (21): 21
          izdutmt (21): 21
          ptvkpk (21): 21
        vtthqum (312): 430
          syxaall (59): 59
          avufwe (59): 59
        qghnwdf (94): 430
          jirvayi (84): 84
          eebyw (84): 84
          igaui (84): 84
          nklype (84): 84
        uobgk (338): 430
          adygspa (46): 46
          psjyx (46): 46
        muarank (260): 430
          yvzuohq (85): 85
          ecbpy (85): 85
        cgldm (406): 430
          gludbju (12): 12
          wsstaru (12): 12
      sphbbz (1161): 2680
        gioryg (77): 217
          mldtvex (70): 70
          ihcolp (70): 70
        scetry (9): 217
          qvzlvq (52): 52
          eounj (52): 52
          iaibv (52): 52
          zkhxn (52): 52
        sfjspc (41): 217
          jlzxun (44): 44
          gnweaxi (44): 44
          ftloq (44): 44
          xbqsegw (44): 44
        ivpbt (217): 217
        vyufo (65): 217
          eemxdkb (76): 76
          mdpwa (76): 76
        valbm (65): 217
          cmdjxza (76): 76
          tzcosab (76): 76
        oprfjt (171): 217
          gbwuf (23): 23
          otipnbc (23): 23
    rizjob (6366): 10773
      eknipd (695): 1469
        lyqumu (84): 258
          pnvym (58): 58
          owjht (58): 58
          eeucvf (58): 58
        egjriv (228): 258
          kvqrdbr (15): 15
          vxrdwe (15): 15
        ipnwyh (81): 258
          edsdrz (59): 59
          pqciwb (59): 59
          uiycup (59): 59
      mhhvcg (83): 1469
        sorhq (198): 198
        hzoqij (174): 198
          cjusyky (12): 12
          ogltzt (12): 12
        mvacic (6): 198
          tqxwy (64): 64
          dckpb (64): 64
          dlksv (64): 64
        fbhzkoh (32): 198
          afzkp (83): 83
          knbeerh (83): 83
        uzpxmf (198): 198
        cmyrw (138): 198
          vnqxpf (30): 30
          kihst (30): 30
        mmqyju (156): 198
          rjzvwv (21): 21
          noybkx (21): 21
      zparvpi (713): 1469
        zjurdqp (115): 189
          adooxhb (37): 37
          meygo (37): 37
        uajyksv (7): 189
          avlhpbs (91): 91
          ywzku (91): 91
        nrbka (85): 189
          giagung (52): 52
          yikfhvr (52): 52
        nvpsm (135): 189
          yfjtfc (18): 18
          oebjoin (18): 18
          phmpasy (18): 18
    qsfwl (63): 10773
      rlcbfav (960): 1530
        yqjtia (148): 190
          xxikrr (14): 14
          jxcxf (14): 14
          bqgxg (14): 14
        qycgu (96): 190
          mfgpyyw (47): 47
          darha (47): 47
        jzpih (127): 190
          igjcv (21): 21
          gvbxg (21): 21
          umkwa (21): 21
      iodopqk (610): 1530
        zhffwjr (89): 230
          casskdk (47): 47
          wfsovdl (47): 47
          umzrb (47): 47
        sykqu (230): 230
        btmuz (154): 230
          pnxkdii (38): 38
          fxhtvj (38): 38
        cirsfs (182): 230
          adckzt (24): 24
          ujgeo (24): 24
      njpyn (834): 1530
        npqwie (56): 232
          vgxaajp (88): 88
          zhfpuu (88): 88
        sbbpewr (64): 232
          nkohugb (84): 84
          qfrgkwt (84): 84
        nvqjado (204): 232
          jvkpk (14): 14
          omzye (14): 14
      kwymyn (702): 1530
        dvkug (90): 276
          tbjbz (93): 93
          gxnvl (93): 93
        ndjbiq (276): 276
        kykqehq (90): 276
          khvwq (93): 93
          jmpqot (93): 93
      sgbzm (108): 1530
        wwutk (127): 237
          mbxchx (55): 55
          tmybiz (55): 55
        licetbw (145): 237
          ruahai (23): 23
          yzrlkj (23): 23
          vchfk (23): 23
          sgjljt (23): 23
        nwjosw (198): 237
          iilxm (13): 13
          cvmjs (13): 13
          jgzuz (13): 13
        jzlmges (237): 237
        qlfars (161): 237
          dkzlr (38): 38
          kbhig (38): 38
        gggvdzp (65): 237
          fxjacfb (43): 43
          gxwqiat (43): 43
          trotdqj (43): 43
          ygvnuu (43): 43
      nbksews (75): 1530
        fpdttlv (249): 291
          iwvjsf (21): 21
          bqrvhzi (21): 21
        ygjbwu (235): 291
          hbnjvi (28): 28
          uiakb (28): 28
        vlhrcsh (139): 291
          gnovsx (38): 38
          zwpqdpp (38): 38
          qkyqkf (38): 38
          hhgrgoa (38): 38
        sdawsdp (6): 291
          aaalewd (95): 95
          wzfzy (95): 95
          lnfyg (95): 95
        lzzeke (24): 291
          tfdwxe (89): 89
          kvgsfj (89): 89
          lwaoy (89): 89
      eflhino (370): 1530
        qubsj (176): 232
          agnkj (28): 28
          ewbgxj (28): 28
        cqgqm (214): 232
          ryatef (6): 6
          khuyb (6): 6
          opluk (6): 6
        ftcizt (36): 232
          oieio (98): 98
          hzmzm (98): 98
        lkuphpg (48): 232
          dnomd (92): 92
          vdvwz (92): 92
        tcndbu (96): 232
          ihbeh (34): 34
          flyaq (34): 34
          pruqcvk (34): 34
          xxelf (34): 34
    asckjlv (4889): 10773
      majzil (784): 1471
        fzmzcc (137): 229
          rzgdz (46): 46
          bptimbu (46): 46
        bnawjt (137): 229
          hrhwxq (23): 23
          ybtsie (23): 23
          inzafdy (23): 23
          ezwrgwg (23): 23
        kwilox (41): 229
          cedfch (94): 94
          wjaav (94): 94
      mubtpc (85): 1471
        juifyyw (74): 462
          cuvpk (97): 97
          fdoszd (97): 97
          uwmpw (97): 97
          qqbjpw (97): 97
        uxpblf (214): 462
          ehttqe (62): 62
          cleda (62): 62
          revfs (62): 62
          bcyxwt (62): 62
        sqbnfxf (440): 462
          guuvcz (11): 11
          wniti (11): 11
      wgufuoj (667): 1471
        ovzoej (129): 201
          emszr (36): 36
          olaxe (36): 36
        pzxqe (139): 201
          zokte (31): 31
          wmskqd (31): 31
        pasahyc (31): 201
          tvuey (85): 85
          yosexh (85): 85
        tunuzcn (17): 201
          nquzdn (46): 46
          qzohrj (46): 46
          rsmvde (46): 46
          thsdq (46): 46
      uxlfqru (643): 1471
        mhxpay (200): 276
          zffpdg (38): 38
          smhctr (38): 38
        taslihw (198): 276
          nglzp (39): 39
          naheh (39): 39
        ttqrjz (86): 276
          ddmyid (95): 95
          gppcfr (95): 95
    sfqwrge (948): 10773
      pdyhl (699): 1965
        wzjwo (145): 211
          kxegssv (22): 22
          mzymfht (22): 22
          etgpwm (22): 22
        phkhvmp (127): 211
          tmicb (21): 21
          kfnox (21): 21
          xuxtbe (21): 21
          qzflerr (21): 21
        gboqva (31): 211
          chsgrkx (90): 90
          bqzpg (90): 90
        mnxqlwj (149): 211
          srwgf (31): 31
          pqhdp (31): 31
        gtmfflw (13): 211
          cnsemxt (66): 66
          tdmre (66): 66
          wqcyyp (66): 66
        wspsxh (211): 211
      njzaj (40): 1965
        lgqhttl (323): 385
          hzmiprs (31): 31
          yqgwle (31): 31
        zrprsn (370): 385
          tqwxt (5): 5
          eshhfd (5): 5
          jrqnj (5): 5
        iwvzne (85): 385
          silwij (75): 75
          ecilwqw (75): 75
          nxvhzm (75): 75
          iollvjh (75): 75
        ohixl (353): 385
          kyvqypb (16): 16
          boqtus (16): 16
        dndusk (349): 385
          pzpybas (18): 18
          rdiysu (18): 18
      uaztc (1629): 1965
        amwlt (102): 112
          putxfkb (5): 5
          edswm (5): 5
        mkjdh (62): 112
          zksug (25): 25
          squxhq (25): 25
        ebjlbr (112): 112
      hpthw (805): 1965
        oegjhcg (196): 232
          tbplngl (18): 18
          kcqxplp (18): 18
        iriepoo (88): 232
          wbbus (72): 72
          julhx (72): 72
        rvzug (124): 232
          jbcaxyl (54): 54
          nnpndet (54): 54
        kptyuf (74): 232
          opyjeyu (79): 79
          xqeqnpv (79): 79
        yefht (196): 232
          xutqsde (18): 18
          pmutbr (18): 18
      xgzmr (471): 1965
        yiwuei (249): 249
        kdptwot (195): 249
          gtvsym (18): 18
          svmplb (18): 18
          pnbyuu (18): 18
        wjkdl (179): 249
          rwtyr (35): 35
          zxpxr (35): 35
        ialdmz (12): 249
          gznay (79): 79
          jdgbrz (79): 79
          tcvrov (79): 79
        nqkbjlh (237): 249
          xhifoak (6): 6
          nkikn (6): 6
        lkijuws (229): 249
          lqzhrg (10): 10
          ugyjqg (10): 10
    bncdhrm (3810): 10773
      nnbcnzu (1184): 2321
        pedrwzo (309): 379
          zwjdka (35): 35
          jiqrrq (35): 35
        unkckgx (201): 379
          fuitrtz (89): 89
          atbdhm (89): 89
        sklzg (63): 379
          wvrrwfs (79): 79
          kpnjwzl (79): 79
          gftxf (79): 79
          unrxrxg (79): 79
      qsnwd (65): 2321
        cxuzdyf (180): 376
          hvfav (98): 98
          lnund (98): 98
        qtgxg (376): 376
        smlnw (376): 376
        hnurp (294): 376
          aaspu (41): 41
          ncrzjm (41): 41
        epflhcq (314): 376
          pxqgvjs (31): 31
          ebvlur (31): 31
        kixuhs (88): 376
          prjag (72): 72
          dnrtq (72): 72
          vltxhu (72): 72
          lupel (72): 72
      axsupxp (861): 2321
        bpcxrn (146): 365
          poslxf (73): 73
          ryclgvc (73): 73
          vgdjz (73): 73
        jjhqu (365): 365
        fvtboh (68): 365
          hrwcuqh (99): 99
          wjccpg (99): 99
          wounsqk (99): 99
        emgpu (217): 365
          jljjh (37): 37
          bawyt (37): 37
          mmcebdy (37): 37
          hevef (37): 37
  gtzxxav (8936): 64652
    sxppnu (4079): 13929
      tisslxr (824): 1970
        ysseykl (88): 382
          noxvqga (98): 98
          pmlho (98): 98
          cdlnovn (98): 98
        ydwug (112): 382
          fbplv (90): 90
          clvvt (90): 90
          pnyyag (90): 90
        zoawdu (94): 382
          ongsjaf (96): 96
          zmfeb (96): 96
          sgnexg (96): 96
      hqvoym (1226): 1970
        jccqeca (60): 248
          yxzvg (94): 94
          hsedh (94): 94
        xbeau (76): 248
          xxshfpr (86): 86
          renhdd (86): 86
        jxuvy (128): 248
          nplxpml (60): 60
          wttkrli (60): 60
      ahdgqpm (833): 1970
        dybapm (159): 379
          jtxkj (55): 55
          utnwfrl (55): 55
          cdzfql (55): 55
          emqnw (55): 55
        crlyq (51): 379
          zhpbfcb (82): 82
          vdmpy (82): 82
          lbogwls (82): 82
          tucemlh (82): 82
        cjixx (241): 379
          wdprouh (69): 69
          urliam (69): 69
      xpmraw (1409): 1970
        xulssc (7): 187
          vywee (45): 45
          njfzhmg (45): 45
          hjbghmi (45): 45
          huide (45): 45
        ectqv (37): 187
          rmbnnq (75): 75
          fuvary (75): 75
        votqgct (187): 187
      dghbo (59): 1970
        itnut (161): 273
          flcth (56): 56
          hjlabl (56): 56
        oopqud (261): 273
          lxkwe (6): 6
          urvedm (6): 6
        gmtkf (126): 273
          pmjoye (49): 49
          dpbywy (49): 49
          vhfqi (49): 49
        kgpoyb (157): 273
          llowph (58): 58
          gnetslx (58): 58
        wtioxkx (90): 273
          fgoqtbj (61): 61
          zunzpwe (61): 61
          yxlqjxz (61): 61
        wajjyev (119): 273
          mmkbh (77): 77
          lcggy (77): 77
        rqswk (189): 273
          ohfpwd (42): 42
          usdonaj (42): 42
    jddjjw (21): 13929
      jvaqkq (56): 2318
        xgytt (377): 377
        mkwoc (377): 377
        mtwvvup (301): 377
          psfpl (38): 38
          ywctcn (38): 38
        cbodyg (85): 377
          qvpit (73): 73
          jlonsf (73): 73
          axnnpf (73): 73
          fmdmn (73): 73
        llajkfm (277): 377
          bhgcvz (50): 50
          cpjwxir (50): 50
        bpjtor (125): 377
          twcrr (63): 63
          ltiabeu (63): 63
          vlbxwof (63): 63
          lycxba (63): 63
      mhhfovk (1721): 2318
        camcas (129): 199
          qubakh (35): 35
          tromme (35): 35
        fzwdnl (139): 199
          thbbk (15): 15
          kmecjf (15): 15
          mjverr (15): 15
          oswptur (15): 15
        ujacw (91): 199
          ckddz (36): 36
          ccisqhk (36): 36
          yedpzj (36): 36
      flsxmc (2200): 2318
        qqlkwr (59): 59
        knayoo (59): 59
      tmnklf (982): 2318
        hxnea (302): 334
          gcashr (16): 16
          wwmta (16): 16
        wwdta (85): 334
          mdpdynj (83): 83
          fdvks (83): 83
          zyufjm (83): 83
        aemufzz (246): 334
          tatyvy (44): 44
          rujpx (44): 44
        rbpdfud (138): 334
          wqmlfzf (98): 98
          meyihxo (98): 98
      lazvv (1589): 2318
        pkuggs (131): 243
          fdplo (56): 56
          tzespqz (56): 56
        wumlot (221): 243
          neoyxft (11): 11
          cinjgkc (11): 11
        qimvddh (99): 243
          qjqyd (48): 48
          iyytgk (48): 48
          ppepf (48): 48
      cfxwzf (1634): 2318
        mlvywui (30): 228
          zyeqj (66): 66
          kmrsi (66): 66
          vvqpt (66): 66
        kuzim (130): 228
          vcbcy (49): 49
          mzozybe (49): 49
        rbozm (214): 228
          qzxsz (7): 7
          qvily (7): 7
    biibrbq (6792): 13929
      gzogp (9): 2379
        tzhjol (278): 395
          ihmflgt (39): 39
          jvnks (39): 39
          iefgdb (39): 39
        xwuvr (207): 395
          vmcicx (94): 94
          vcumw (94): 94
        tjurw (23): 395
          rfxjtuw (93): 93
          zujwuu (93): 93
          jhztf (93): 93
          cnafwov (93): 93
        fnecqcx (231): 395
          yuerovj (82): 82
          kbcztr (82): 82
        hovodbo (251): 395
          ibvrqj (72): 72
          oxshhlc (72): 72
        mjorwvu (341): 395
          uvokiil (18): 18
          svcfwb (18): 18
          yqvqkjj (18): 18
      udwhf (1047): 2379
        kolxt (195): 333
          sctwwty (69): 69
          esxbml (69): 69
        trwpih (297): 333
          hghnmv (18): 18
          nzygm (18): 18
        oqhuqw (90): 333
          ercgkci (81): 81
          ogrpc (81): 81
          bxeil (81): 81
        jggkrpf (309): 333
          yuecj (6): 6
          nvxbdd (6): 6
          xlxroru (6): 6
          wfzkd (6): 6
      vfepai (2052): 2379
        rpijm (71): 109
          cjszhjz (19): 19
          cbihaff (19): 19
        smpoeov (79): 109
          wygaxkm (15): 15
          vjjhef (15): 15
        kssnbr (63): 109
          llsqcnz (23): 23
          kdkng (23): 23
    ttldnhl (8265): 13929
      qifwjr (65): 944
        tykkgvz (14): 293
          wterb (93): 93
          kvmxpmx (93): 93
          ecsdihr (93): 93
        ghfsfzv (293): 293
        essizn (185): 293
          tdreqt (54): 54
          ycoeh (54): 54
      qckol (416): 944
        mnkholz (54): 176
          ymfxsdp (61): 61
          lqdrs (61): 61
        hrobopm (136): 176
          tzupdgb (20): 20
          onrklke (20): 20
        rtsbu (120): 176
          isnkzg (28): 28
          ipmyklq (28): 28
      qjpyu (191): 944
        ssnkl (95): 251
          aglfaj (78): 78
          jtqcbjx (78): 78
        cqakc (131): 251
          lnddtya (60): 60
          ghhfd (60): 60
        mentp (185): 251
          gpudbvp (33): 33
          ljvipn (33): 33
      cyusmf (904): 944
        rhazko (20): 20
        imrtnt (20): 20
      aglcugi (368): 944
        iaybgca (129): 192
          frgpbr (21): 21
          mvqoekw (21): 21
          vmebh (21): 21
        fekljc (24): 192
          yvpvvx (84): 84
          egbjx (84): 84
        pxhroue (98): 192
          diccfps (47): 47
          mezpvo (47): 47
      bkkwt (335): 944
        khaneu (35): 203
          spuzkk (84): 84
          sheuujc (84): 84
        zzsjca (15): 203
          sglbby (94): 94
          bkxbja (94): 94
        rmwhlgz (179): 203
          zjkdtrq (8): 8
          jpshwm (8): 8
          dytikd (8): 8
  njorjq (31504): 64652
    ppgcgz (2965): 8287
      dusyrs (1024): 1774
        ztfziz (56): 250
          nikpljz (97): 97
          gbmobi (97): 97
        pxpuiaz (250): 250
        rfmuffd (132): 250
          fixda (59): 59
          uesefn (59): 59
      bblhcmt (1015): 1774
        teduvz (61): 253
          watknc (96): 96
          ibvain (96): 96
        mkcxutj (199): 253
          mcqnk (18): 18
          ltgylh (18): 18
          nigxeuz (18): 18
        taaibzy (209): 253
          xbbygk (22): 22
          ysqizk (22): 22
      otlvpiq (46): 1774
        velbwcl (432): 432
        ypxvo (40): 432
          nqwkb (98): 98
          bbozoqx (98): 98
          jvwlo (98): 98
          yktkkr (98): 98
        qgwyq (292): 432
          odqodqo (70): 70
          tuuzkn (70): 70
        mtpicwi (162): 432
          lzkcsih (90): 90
          hlcpmj (90): 90
          lzllws (90): 90
    tdqqjpg (83): 8287
      evauuqp (23): 2051
        rfowq (266): 338
          xztwenv (36): 36
          gdbvvx (36): 36
        gwaym (47): 338
          rmqmme (97): 97
          kikqp (97): 97
          lkhbcfn (97): 97
        mwkjo (206): 338
          kgfbft (44): 44
          eqlnvl (44): 44
          uihrkc (44): 44
        fvcbh (233): 338
          xsauoti (35): 35
          joruazf (35): 35
          ijlsc (35): 35
        mjvxc (188): 338
          wyiofd (50): 50
          sgygf (50): 50
          ursswr (50): 50
        bhcdq (62): 338
          vdbcedp (92): 92
          xxdnojb (92): 92
          wfkbot (92): 92
      iunpq (1373): 2051
        ruusx (28): 226
          jcjqr (99): 99
          bchpnd (99): 99
        hrjop (74): 226
          brtxkgi (76): 76
          vgdjxl (76): 76
        lybou (114): 226
          bsttxpj (56): 56
          ivbkm (56): 56
      douxy (391): 2051
        ayqfub (306): 332
          drwyz (13): 13
          prssjgo (13): 13
        pwgtgs (194): 332
          ykiurcc (69): 69
          mapgeoe (69): 69
        voqlc (104): 332
          rmilbmd (76): 76
          hxzqgfl (76): 76
          zkyvs (76): 76
        xfcaona (20): 332
          orozsek (78): 78
          vzhdg (78): 78
          ifylycs (78): 78
          howjlo (78): 78
        inilfk (282): 332
          swshl (25): 25
          pzxhsq (25): 25
      zfkfc (856): 2051
        tbtzwz (153): 239
          wleja (43): 43
          pckcqy (43): 43
        dzhvos (51): 239
          nithd (47): 47
          dleprko (47): 47
          hqvbm (47): 47
          bcmtnt (47): 47
        tcewj (125): 239
          rgicvct (57): 57
          wcvuu (57): 57
        gehri (45): 239
          uikxbgu (97): 97
          zotzrjn (97): 97
        ixcueuk (181): 239
          kgjzt (29): 29
          qxnfz (29): 29
    zuhfs (3655): 8287
      irmrw (521): 1544
        vspbcnk (236): 341
          fvyctke (35): 35
          nrqmk (35): 35
          vbsku (35): 35
        iebero (287): 341
          honhsr (27): 27
          cehuzkr (27): 27
        eshrket (53): 341
          lluca (96): 96
          zntrxf (96): 96
          yaeji (96): 96
      dyhtgng (302): 1544
        wngrd (115): 207
          fpzvpx (46): 46
          xhtorci (46): 46
        covjpf (61): 207
          qiediji (73): 73
          yvicgh (73): 73
        mosbw (21): 207
          tenewcj (93): 93
          losxko (93): 93
        ljvrj (183): 207
          drxxrz (12): 12
          ueheft (12): 12
        jvegmwc (153): 207
          mladbjo (27): 27
          jjvdara (27): 27
        mptzfm (131): 207
          kauaro (38): 38
          gwqvxp (38): 38
      rehpie (86): 1544
        liori (107): 243
          fzcts (68): 68
          wgfbd (68): 68
        zauos (107): 243
          uniifn (68): 68
          xponr (68): 68
        ebyaofj (169): 243
          wudjb (37): 37
          uyjoabs (37): 37
        pbqrv (75): 243
          qqfxsbl (56): 56
          jijzbp (56): 56
          gdvydrc (56): 56
        fciapx (153): 243
          hnlec (30): 30
          xlvzg (30): 30
          yjxiv (30): 30
        bipgvd (173): 243
          nmawxdq (35): 35
          tbnuh (35): 35
    lyxqyl (2947): 8287
      yffcj (90): 1335
        bbmmtud (186): 249
          qvcnscn (21): 21
          pomeveh (21): 21
          mflxo (21): 21
        bqbgocl (85): 249
          rtbipng (41): 41
          yypsdby (41): 41
          nlirga (41): 41
          bgprkt (41): 41
        kgntkz (149): 249
          gwlzolt (50): 50
          ithtabv (50): 50
        mmfwbku (60): 249
          dymsh (63): 63
          nzmzrf (63): 63
          aealnl (63): 63
        asefoiu (249): 249
      zncyr (999): 1335
        ezxakj (112): 112
        injvyeb (112): 112
        whboh (88): 112
          fawih (12): 12
          hthizhf (12): 12
      buaue (1110): 1335
        arpzsz (27): 75
          omivhf (24): 24
          sviek (24): 24
        ueyxaa (57): 75
          gxfqm (9): 9
          llocrvp (9): 9
        iowckgn (75): 75
      qesuv (303): 1335
        tculi (344): 344
        lsgvik (65): 344
          jgqxt (93): 93
          yztcfw (93): 93
          jmnxhqh (93): 93
        boofr (332): 344
          aqiun (6): 6
          zilgfzu (6): 6
  qpiklvf (11870): 64652
    weohqnq (6219): 17594
      sibzbaw (204): 1625
        cafcfnl (19): 203
          ntnqvtk (92): 92
          uezwbls (92): 92
        faendwk (83): 203
          kcqndc (60): 60
          jfctkmt (60): 60
        zwrwngq (203): 203
        mnchjf (65): 203
          cimsvsq (69): 69
          grmps (69): 69
        saifkw (11): 203
          rkait (96): 96
          srozw (96): 96
        wbftdq (85): 203
          dutfal (59): 59
          lcxllj (59): 59
        hmkoeo (139): 203
          gzldofv (32): 32
          dteqv (32): 32
      gaijq (675): 1625
        jdooxot (158): 190
          zkbdn (16): 16
          tshems (16): 16
        hkcuz (126): 190
          vefasv (32): 32
          cvbnb (32): 32
        wgmxwy (78): 190
          kysof (28): 28
          zrqkic (28): 28
          qytnj (28): 28
          qqvrhv (28): 28
        iclrood (121): 190
          vyitr (23): 23
          qynklua (23): 23
          aahmp (23): 23
        jmwrcxe (88): 190
          hwvglh (34): 34
          rgiaar (34): 34
          dypjwz (34): 34
      oxpphmz (1319): 1625
        uylmxqo (38): 102
          pjcluy (32): 32
          bqpjwai (32): 32
        hufovxb (54): 102
          spxqd (24): 24
          hturdef (24): 24
        ugres (102): 102
      cdbqrv (75): 1625
        xewgja (310): 310
        dvkjfk (310): 310
        oxpmdnr (244): 310
          hpboonp (33): 33
          vjycok (33): 33
        sultgf (90): 310
          uyeeefd (55): 55
          hduix (55): 55
          zrofm (55): 55
          zqdnix (55): 55
        pmwzrxm (103): 310
          mumtfo (69): 69
          azokid (69): 69
          cueuqa (69): 69
      vaexiu (1581): 1625
        ymjmo (22): 22
        iovig (22): 22
      ghzfclb (929): 1625
        aokguyj (88): 232
          skcmxwu (72): 72
          viofo (72): 72
        shscp (146): 232
          zjovf (43): 43
          rwjupwq (43): 43
        zzjap (88): 232
          mpgup (72): 72
          zeohg (72): 72
      dlgyd (625): 1625
        lzgjxpi (66): 250
          huwrhd (92): 92
          guaulxm (92): 92
        paguj (212): 250
          njiwy (19): 19
          ihsfpwk (19): 19
        dkasko (86): 250
          nstfuaj (82): 82
          vmcib (82): 82
        pxkqb (80): 250
          zstxoet (85): 85
          tzypui (85): 85
    oifwih (13748): 17594
      qrncpfb (463): 1282
        trrrswp (95): 273
          rcssnrj (89): 89
          chtiq (89): 89
        mjtsrs (153): 273
          pexdlf (60): 60
          sjrepyz (60): 60
        ziiojfl (155): 273
          lhdgv (59): 59
          vkvsku (59): 59
      czwja (87): 1282
        fqhegd (65): 239
          lgowj (58): 58
          wlrdp (58): 58
          wzqcv (58): 58
        rzqtfk (167): 239
          nggfesp (18): 18
          jmnzios (18): 18
          iecbxj (18): 18
          gijrym (18): 18
        tpldx (119): 239
          fyqftv (30): 30
          ttiemo (30): 30
          vjjvitk (30): 30
          xgzja (30): 30
        hrwhc (51): 239
          jhpiym (94): 94
          juihbkt (94): 94
        rklqa (59): 239
          nwsecpl (90): 90
          xtnyr (90): 90
      nnayovj (268): 1282
        wxnwn (312): 338
          efwsj (13): 13
          hnszth (13): 13
        stpwv (238): 338
          fyxeenq (25): 25
          mhxka (25): 25
          awfrk (25): 25
          cxrjgg (25): 25
        gymdygg (26): 338
          zmpsuwb (78): 78
          wonxy (78): 78
          lqdyln (78): 78
          efcjat (78): 78
    udamz (45): 17594
      sitbr (57): 2507
        fssxj (82): 350
          vgxptd (67): 67
          myhzuy (67): 67
          pkyos (67): 67
          rclvfez (67): 67
        yhbpsay (186): 350
          tcgjhh (41): 41
          leubrjl (41): 41
          ihxtg (41): 41
          ijcvtep (41): 41
        jvmpc (180): 350
          oiuih (85): 85
          yeojp (85): 85
        lnhrx (258): 350
          isceom (46): 46
          bwtwoy (46): 46
        ydtqhd (174): 350
          fpmzgvo (44): 44
          ibasy (44): 44
          zoeam (44): 44
          bpboa (44): 44
        lbmqte (298): 350
          zebtnox (13): 13
          ustmeld (13): 13
          kkidtmk (13): 13
          enjhfeg (13): 13
        dmxqneb (65): 350
          vjxqtpi (95): 95
          ocauj (95): 95
          meeiw (95): 95
      cofol (1327): 2507
        zjkxmfh (236): 236
        xniyrk (194): 236
          npkqzzg (21): 21
          cqcqid (21): 21
        bqzcmr (108): 236
          pjkrgv (64): 64
          rfooa (64): 64
        gjaltuo (54): 236
          gffoyh (91): 91
          mrzmkae (91): 91
        oapztg (14): 236
          awhtfnb (74): 74
          qymuwz (74): 74
          plfmb (74): 74
      zsvyve (2401): 2507
        lokxju (53): 53
        oppaock (53): 53
      errywn (2003): 2507
        jklwqzz (90): 168
          hbsdlm (26): 26
          johqjt (26): 26
          ukjzi (26): 26
        blzatj (154): 168
          zodnkd (7): 7
          jvlrpy (7): 7
        uiqegu (6): 168
          gqzlx (81): 81
          pohvscs (81): 81
      sizeg (2371): 2507
        lwwovy (34): 34
        amauas (34): 34
        krcdkw (34): 34
        kkxxua (34): 34
      thqkly (1735): 2507
        krldk (97): 193
          akyffva (48): 48
          nlzqs (48): 48
        gdndx (193): 193
        mmgep (155): 193
          yscvt (19): 19
          vdxvll (19): 19
        qwrruob (133): 193
          jcjsn (15): 15
          xerinl (15): 15
          czzvje (15): 15
          njimb (15): 15
      ccqhl (1886): 2507
        tvranal (153): 207
          oyegdcw (27): 27
          gjtfdc (27): 27
        cjzstd (113): 207
          pkmya (47): 47
          eeuykqk (47): 47
        wbpvo (77): 207
          dtdkt (65): 65
          ixhnyqi (65): 65